<?xml version="1.0" encoding="UTF-8"?>
<!-- Generated by org.testng.reporters.JUnitXMLReporter -->
<testsuite ignored="0" hostname="DESKTOP-L57BF9G" failures="0" tests="2" name="Error Validations Test" time="24.452" errors="0" timestamp="2024-02-27T14:51:20 EET">
  <testcase classname="tests.ErrorValidationsTest" name="loginErrorValidation" time="1.071"/>
  <testcase classname="tests.ErrorValidationsTest" name="productErrorValidation" time="15.908"/>
</testsuite> <!-- Error Validations Test -->
