<?xml version="1.0" encoding="UTF-8"?>
<!-- Generated by org.testng.reporters.JUnitXMLReporter -->
<testsuite ignored="0" hostname="DESKTOP-L57BF9G" failures="0" tests="4" name="Submit Order Test" time="38.392" errors="0" timestamp="2024-02-27T14:51:33 EET">
  <testcase classname="tests.SubmitOrderTest" name="submitOrder" time="6.951"/>
  <testcase classname="tests.SubmitOrderTest" name="submitOrder" time="6.915"/>
  <testcase classname="tests.SubmitOrderTest" name="submitOrder" time="6.964"/>
  <testcase classname="tests.SubmitOrderTest" name="orderHistoryTests" time="3.397"/>
</testsuite> <!-- Submit Order Test -->
